32.000 (lower bound on the optimal solution)
0.156
32.000 Ld
0.250
1 0.000 1 1 31.000
2 0.000 2 1 32.000
3 0.000 1 1 21.000
4 0.000 1 2 15.500
5 0.000 1 1 24.000
6 0.000 1 1 27.000
7 0.000 8 6 3.375
8 0.000 2 2 30.000
9 0.000 1 2 20.000
10 0.000 2 1 17.000
32.000 Pd
0.156
1 0.000 1 1 31.000
2 0.000 2 1 32.000
3 0.000 1 1 21.000
4 0.000 1 2 15.500
5 0.000 1 1 24.000
6 0.000 1 1 27.000
7 0.000 8 6 3.375
8 0.000 2 2 30.000
9 0.000 1 2 20.000
10 0.000 2 1 17.000
32.000 Lt
0.312
1 0.000 1 1 31.000
2 0.000 2 1 32.000
3 0.000 1 1 21.000
4 0.000 3 3 10.333
5 0.000 1 1 24.000
6 0.000 1 1 27.000
7 0.000 9 8 3.000
8 0.000 2 2 30.000
9 0.000 1 1 31.000
10 0.000 1 1 30.000
32.000 Pt
0.188
1 0.000 1 1 31.000
2 0.000 2 1 32.000
3 0.000 1 1 21.000
4 0.000 3 3 10.333
5 0.000 1 1 24.000
6 0.000 1 1 27.000
7 0.000 7 6 3.857
8 0.000 2 2 30.000
9 0.000 1 1 31.000
10 0.000 1 1 30.000
